h:\desktop\y2s1\3d\triangle\legacy\debug\vc141.pdb
h:\desktop\y2s1\3d\triangle\legacy\debug\main.obj
h:\desktop\y2s1\3d\triangle\legacy\debug\shaderprogram.obj
h:\desktop\y2s1\3d\triangle\legacy\debug\stb_image.obj
h:\desktop\y2s1\3d\triangle\legacy\debug\vertexbuffer.obj
h:\desktop\y2s1\3d\triangle\legacy\debug\vertexarray.obj
h:\desktop\y2s1\3dgp\legacy\debug\vc141.pdb
h:\desktop\y2s1\3dgp\legacy\debug\vc141.idb
h:\desktop\y2s1\3dgp\legacy\debug\vertexbuffer.obj
h:\desktop\y2s1\3dgp\legacy\debug\vertexarray.obj
h:\desktop\y2s1\3dgp\legacy\debug\texture.obj
h:\desktop\y2s1\3dgp\legacy\debug\stb_image.obj
h:\desktop\y2s1\3dgp\legacy\debug\shaderprogram.obj
h:\desktop\y2s1\3dgp\legacy\debug\main.obj
h:\desktop\y2s1\3d\triangle\legacy\debug\triangle.exe
h:\desktop\y2s1\3d\triangle\legacy\debug\triangle.ilk
h:\desktop\y2s1\3d\triangle\legacy\debug\triangle.pdb
h:\desktop\y2s1\3dgp\legacy\debug\triangle.ilk
h:\desktop\y2s1\3dgp\legacy\debug\triangle.pdb
h:\desktop\y2s1\3dgp\legacy\debug\triangle.exe
h:\desktop\y2s1\3dgp\legacy\debug\triangle.tlog\cl.command.1.tlog
h:\desktop\y2s1\3dgp\legacy\debug\triangle.tlog\cl.read.1.tlog
h:\desktop\y2s1\3dgp\legacy\debug\triangle.tlog\cl.write.1.tlog
h:\desktop\y2s1\3dgp\legacy\debug\triangle.tlog\link.command.1.tlog
h:\desktop\y2s1\3dgp\legacy\debug\triangle.tlog\link.read.1.tlog
h:\desktop\y2s1\3dgp\legacy\debug\triangle.tlog\link.write.1.tlog
